app/build/intermediates/manifest_merge_blame_file/release/manifest-merger-blame-release-report.txt
1<?xml version="1.0" encoding="utf-8"?>
2<manifest xmlns:android="http://schemas.android.com/apk/res/android"
3    package="com.example.mr_shopper_app"
4    android:versionCode="1"
5    android:versionName="1.0" >
6
7    <uses-sdk
8        android:minSdkVersion="22"
8-->src\main\AndroidManifest.xml
9        android:targetSdkVersion="32" />
9-->src\main\AndroidManifest.xml
10
11    <application
11-->src\main\AndroidManifest.xml:6:5-41:19
12        android:allowBackup="true"
12-->src\main\AndroidManifest.xml:7:9-35
13        android:appComponentFactory="androidx.core.app.CoreComponentFactory"
13-->[androidx.core:core:1.8.0] AndroidManifest.xml:24:18-86
14        android:dataExtractionRules="@xml/data_extraction_rules"
14-->src\main\AndroidManifest.xml:8:9-65
15        android:fullBackupContent="@xml/backup_rules"
15-->src\main\AndroidManifest.xml:9:9-54
16        android:icon="@mipmap/ic_launcher"
16-->src\main\AndroidManifest.xml:10:9-43
17        android:label="@string/app_name"
17-->src\main\AndroidManifest.xml:11:9-41
18        android:roundIcon="@mipmap/ic_launcher_round"
18-->src\main\AndroidManifest.xml:12:9-54
19        android:supportsRtl="true"
19-->src\main\AndroidManifest.xml:13:9-35
20        android:theme="@style/Theme.Mr_Shopper_app" >
20-->src\main\AndroidManifest.xml:14:9-52
21        <activity
21-->src\main\AndroidManifest.xml:17:9-19:40
22            android:name="com.example.mr_shopper_app.activity_forget"
22-->src\main\AndroidManifest.xml:18:13-44
23            android:exported="false" />
23-->src\main\AndroidManifest.xml:19:13-37
24        <activity
24-->src\main\AndroidManifest.xml:20:9-22:40
25            android:name="com.example.mr_shopper_app.activity_main"
25-->src\main\AndroidManifest.xml:21:13-42
26            android:exported="false" />
26-->src\main\AndroidManifest.xml:22:13-37
27        <activity
27-->src\main\AndroidManifest.xml:23:9-25:40
28            android:name="com.example.mr_shopper_app.activity_login"
28-->src\main\AndroidManifest.xml:24:13-43
29            android:exported="false" />
29-->src\main\AndroidManifest.xml:25:13-37
30        <activity
30-->src\main\AndroidManifest.xml:26:9-28:40
31            android:name="com.example.mr_shopper_app.Activity_signup"
31-->src\main\AndroidManifest.xml:27:13-44
32            android:exported="false" />
32-->src\main\AndroidManifest.xml:28:13-37
33        <activity
33-->src\main\AndroidManifest.xml:29:9-31:40
34            android:name="com.example.mr_shopper_app.activity_home"
34-->src\main\AndroidManifest.xml:30:13-42
35            android:exported="false" />
35-->src\main\AndroidManifest.xml:31:13-37
36        <activity
36-->src\main\AndroidManifest.xml:32:9-40:20
37            android:name="com.example.mr_shopper_app.SplashActivity"
37-->src\main\AndroidManifest.xml:33:13-43
38            android:exported="true" >
38-->src\main\AndroidManifest.xml:34:13-36
39            <intent-filter>
39-->src\main\AndroidManifest.xml:35:13-39:29
40                <action android:name="android.intent.action.MAIN" />
40-->src\main\AndroidManifest.xml:36:17-69
40-->src\main\AndroidManifest.xml:36:25-66
41
42                <category android:name="android.intent.category.LAUNCHER" />
42-->src\main\AndroidManifest.xml:38:17-77
42-->src\main\AndroidManifest.xml:38:27-74
43            </intent-filter>
44        </activity>
45
46        <provider
46-->[androidx.emoji2:emoji2:1.2.0] AndroidManifest.xml:24:9-32:20
47            android:name="androidx.startup.InitializationProvider"
47-->[androidx.emoji2:emoji2:1.2.0] AndroidManifest.xml:25:13-67
48            android:authorities="com.example.mr_shopper_app.androidx-startup"
48-->[androidx.emoji2:emoji2:1.2.0] AndroidManifest.xml:26:13-68
49            android:exported="false" >
49-->[androidx.emoji2:emoji2:1.2.0] AndroidManifest.xml:27:13-37
50            <meta-data
50-->[androidx.emoji2:emoji2:1.2.0] AndroidManifest.xml:29:13-31:52
51                android:name="androidx.emoji2.text.EmojiCompatInitializer"
51-->[androidx.emoji2:emoji2:1.2.0] AndroidManifest.xml:30:17-75
52                android:value="androidx.startup" />
52-->[androidx.emoji2:emoji2:1.2.0] AndroidManifest.xml:31:17-49
53            <meta-data
53-->[androidx.lifecycle:lifecycle-process:2.4.1] AndroidManifest.xml:31:13-33:52
54                android:name="androidx.lifecycle.ProcessLifecycleInitializer"
54-->[androidx.lifecycle:lifecycle-process:2.4.1] AndroidManifest.xml:32:17-78
55                android:value="androidx.startup" />
55-->[androidx.lifecycle:lifecycle-process:2.4.1] AndroidManifest.xml:33:17-49
56        </provider>
57    </application>
58
59</manifest>